<?xml version="1.0" encoding="UTF-8"?>
<!-- Generated by org.testng.reporters.JUnitReportReporter -->
<testsuite hostname="DESKTOP-3SNRJKF" failures="0" tests="1" name="BaseTest" time="0.009" errors="0" timestamp="2022-05-20T17:20:49 IST" skipped="0">
  <testcase classname="BaseTest" name="testmethod" time="0.009"/>
  <system-out/>
</testsuite> <!-- BaseTest -->
